d:\users\mike\documents\visual studio 2013\projects\pioneer\qtclientapplication\debug\vc120.pdb
d:\users\mike\documents\visual studio 2013\projects\pioneer\qtclientapplication\debug\qtclientapplication.obj
d:\users\mike\documents\visual studio 2013\projects\pioneer\qtclientapplication\debug\ou_thread.obj
d:\users\mike\documents\visual studio 2013\projects\pioneer\qtclientapplication\debug\main.obj
d:\users\mike\documents\visual studio 2013\projects\pioneer\qtclientapplication\debug\moc_qtclientapplication.obj
d:\users\mike\documents\visual studio 2013\projects\pioneer\qtclientapplication\debug\qrc_qtclientapplication.obj
d:\users\mike\documents\visual studio 2013\projects\pioneer\qtclientapplication\generatedfiles\debug\moc_qtclientapplication.cpp
d:\users\mike\documents\visual studio 2013\projects\pioneer\qtclientapplication\generatedfiles\ui_qtclientapplication.h
d:\users\mike\documents\visual studio 2013\projects\pioneer\qtclientapplication\generatedfiles\qrc_qtclientapplication.cpp
d:\users\mike\documents\visual studio 2013\projects\pioneer\win32\debug\qtclientapplication.pdb
d:\users\mike\documents\visual studio 2013\projects\pioneer\qtclientapplication\debug\qtclient.4353c7fe.tlog\cl.command.1.tlog
d:\users\mike\documents\visual studio 2013\projects\pioneer\qtclientapplication\debug\qtclient.4353c7fe.tlog\cl.read.1.tlog
d:\users\mike\documents\visual studio 2013\projects\pioneer\qtclientapplication\debug\qtclient.4353c7fe.tlog\cl.write.1.tlog
d:\users\mike\documents\visual studio 2013\projects\pioneer\qtclientapplication\debug\qtclient.4353c7fe.tlog\custombuild.command.1.tlog
d:\users\mike\documents\visual studio 2013\projects\pioneer\qtclientapplication\debug\qtclient.4353c7fe.tlog\custombuild.read.1.tlog
d:\users\mike\documents\visual studio 2013\projects\pioneer\qtclientapplication\debug\qtclient.4353c7fe.tlog\custombuild.write.1.tlog
d:\users\mike\documents\visual studio 2013\projects\pioneer\qtclientapplication\debug\qtclient.4353c7fe.tlog\link-cvtres.read.1.tlog
d:\users\mike\documents\visual studio 2013\projects\pioneer\qtclientapplication\debug\qtclient.4353c7fe.tlog\link-cvtres.write.1.tlog
d:\users\mike\documents\visual studio 2013\projects\pioneer\qtclientapplication\debug\qtclient.4353c7fe.tlog\link-rc.read.1.tlog
d:\users\mike\documents\visual studio 2013\projects\pioneer\qtclientapplication\debug\qtclient.4353c7fe.tlog\link-rc.write.1.tlog
d:\users\mike\documents\visual studio 2013\projects\pioneer\qtclientapplication\debug\qtclient.4353c7fe.tlog\link.command.1.tlog
d:\users\mike\documents\visual studio 2013\projects\pioneer\qtclientapplication\debug\qtclient.4353c7fe.tlog\link.read.1.tlog
d:\users\mike\documents\visual studio 2013\projects\pioneer\qtclientapplication\debug\qtclient.4353c7fe.tlog\link.write.1.tlog
